[debug] [2021-12-14T15:36:36.866Z] ----------------------------------------------------------------------
[debug] [2021-12-14T15:36:36.867Z] Command:       C:\Program Files\nodejs\node.exe C:\Users\Saikat\AppData\Roaming\npm\node_modules\firebase-tools\lib\bin\firebase.js init
[debug] [2021-12-14T15:36:36.868Z] CLI Version:   9.23.1
[debug] [2021-12-14T15:36:36.868Z] Platform:      win32
[debug] [2021-12-14T15:36:36.868Z] Node Version:  v14.7.0
[debug] [2021-12-14T15:36:36.868Z] Time:          Tue Dec 14 2021 21:06:36 GMT+0530 (India Standard Time)
[debug] [2021-12-14T15:36:36.869Z] ----------------------------------------------------------------------
[debug] 
[debug] [2021-12-14T15:36:36.874Z] > command requires scopes: ["email","openid","https://www.googleapis.com/auth/cloudplatformprojects.readonly","https://www.googleapis.com/auth/firebase","https://www.googleapis.com/auth/cloud-platform"]
[debug] [2021-12-14T15:36:36.874Z] > authorizing via signed-in user (saptadipa123@gmail.com)
[info] 
     ######## #### ########  ######## ########     ###     ######  ########
     ##        ##  ##     ## ##       ##     ##  ##   ##  ##       ##
     ######    ##  ########  ######   ########  #########  ######  ######
     ##        ##  ##    ##  ##       ##     ## ##     ##       ## ##
     ##       #### ##     ## ######## ########  ##     ##  ######  ########

You're about to initialize a Firebase project in this directory:

  F:\web-funda

[info] 
=== Project Setup
[info] 
[info] First, let's associate this project directory with a Firebase project.
[info] You can create multiple project aliases by running firebase use --add, 
[info] but for now we'll just set up a default project.
[info] 
[debug] [2021-12-14T15:37:02.263Z] >>> [apiv2][query] GET https://firebase.googleapis.com/v1beta1/projects pageSize=100
[debug] [2021-12-14T15:37:02.964Z] <<< [apiv2][status] GET https://firebase.googleapis.com/v1beta1/projects 200
[debug] [2021-12-14T15:37:02.964Z] <<< [apiv2][body] GET https://firebase.googleapis.com/v1beta1/projects [omitted]
[info] i  Using project web-funda (web-funda) 
[info] 
=== Hosting Setup
[info] 
[info] Your public directory is the folder (relative to your project directory) that
[info] will contain Hosting assets to be uploaded with firebase deploy. If you
[info] have a build process for your assets, use your build's output directory.
[info] 
[debug] [2021-12-14T15:37:21.845Z] >>> [apiv2][query] GET https://www.gstatic.com/firebasejs/releases.json [none]
[debug] [2021-12-14T15:37:21.917Z] <<< [apiv2][status] GET https://www.gstatic.com/firebasejs/releases.json 200
[debug] [2021-12-14T15:37:21.918Z] <<< [apiv2][body] GET https://www.gstatic.com/firebasejs/releases.json {"current":{"version":"9.6.1","browserURL":"https://www.gstatic.com/firebasejs/9.6.1/firebase.js","packageURL":"https://www.gstatic.com/firebasejs/9.6.1/firebase.tgz"},"live":{"version":"9.6","browserURL":"https://www.gstatic.com/firebasejs/live/9.6/firebase.js","packageURL":"https://www.gstatic.com/firebasejs/live/9.6/firebase.tgz"},"components":{"analytics":"https://www.gstatic.com/firebasejs/9.6.1/firebase-analytics.js","app":"https://www.gstatic.com/firebasejs/9.6.1/firebase-app.js","app-check":"https://www.gstatic.com/firebasejs/9.6.1/firebase-app-check.js","auth":"https://www.gstatic.com/firebasejs/9.6.1/firebase-auth.js","auth/cordova":"https://www.gstatic.com/firebasejs/9.6.1/firebase-auth/cordova.js","auth/react-native":"https://www.gstatic.com/firebasejs/9.6.1/firebase-auth/react-native.js","functions":"https://www.gstatic.com/firebasejs/9.6.1/firebase-functions.js","firestore":"https://www.gstatic.com/firebasejs/9.6.1/firebase-firestore.js","firestore/lite":"https://www.gstatic.com/firebasejs/9.6.1/firebase-firestore/lite.js","storage":"https://www.gstatic.com/firebasejs/9.6.1/firebase-storage.js","performance":"https://www.gstatic.com/firebasejs/9.6.1/firebase-performance.js","remote-config":"https://www.gstatic.com/firebasejs/9.6.1/firebase-remote-config.js","messaging":"https://www.gstatic.com/firebasejs/9.6.1/firebase-messaging.js","messaging/sw":"https://www.gstatic.com/firebasejs/9.6.1/firebase-messaging/sw.js","database":"https://www.gstatic.com/firebasejs/9.6.1/firebase-database.js","firestore.memory":"https://www.gstatic.com/firebasejs/9.6.1/firebase-firestore.memory.js"}}
[info] +  Wrote public/index.html 
[info] 
[info] i  Detected a .git folder at F:\web-funda 
[info] i  Authorizing with GitHub to upload your service account to a GitHub repository's secrets store. 
[info] 
[info] Visit this URL on this device to log in:
[info] https://github.com/login/oauth/authorize?client_id=89cf50f02ac6aaed3484&state=693099799&redirect_uri=http%3A%2F%2Flocalhost%3A9005&scope=read%3Auser%20repo%20public_repo
[info] 
[info] Waiting for authentication...
[debug] [2021-12-14T15:37:35.182Z] >>> HTTP REQUEST POST https://github.com/login/oauth/access_token  
 {"client_id":"89cf50f02ac6aaed3484","client_secret":"3330d14abc895d9a74d5f17cd7a00711fa2c5bf0","code":"5e42ef05801b575cc16f","redirect_uri":"http://localhost:9005","state":"693099799"}
[debug] [2021-12-14T15:37:35.521Z] <<< HTTP RESPONSE 200 {"server":"GitHub.com","date":"Tue, 14 Dec 2021 15:37:35 GMT","content-type":"application/json; charset=utf-8","transfer-encoding":"chunked","vary":"X-PJAX, X-PJAX-Container, Accept-Encoding, Accept, X-Requested-With","permissions-policy":"interest-cohort=()","etag":"W/\"e9c1f7f44bb2bb95fd6e21673ba49c37\"","cache-control":"max-age=0, private, must-revalidate","strict-transport-security":"max-age=31536000; includeSubdomains; preload","x-frame-options":"deny","x-content-type-options":"nosniff","x-xss-protection":"0","referrer-policy":"origin-when-cross-origin, strict-origin-when-cross-origin","expect-ct":"max-age=2592000, report-uri=\"https://api.github.com/_private/browser/errors\"","content-security-policy":"default-src 'none'; base-uri 'self'; block-all-mixed-content; child-src github.com/assets-cdn/worker/ gist.github.com/assets-cdn/worker/; connect-src 'self' uploads.github.com objects-origin.githubusercontent.com www.githubstatus.com collector.githubapp.com api.github.com github-cloud.s3.amazonaws.com github-production-repository-file-5c1aeb.s3.amazonaws.com github-production-upload-manifest-file-7fdce7.s3.amazonaws.com github-production-user-asset-6210df.s3.amazonaws.com cdn.optimizely.com logx.optimizely.com/v1/events translator.github.com wss://alive.github.com; font-src github.githubassets.com; form-action 'self' github.com gist.github.com objects-origin.githubusercontent.com; frame-ancestors 'none'; frame-src render.githubusercontent.com viewscreen.githubusercontent.com notebooks.githubusercontent.com; img-src 'self' data: github.githubassets.com identicons.github.com collector.githubapp.com github-cloud.s3.amazonaws.com secured-user-images.githubusercontent.com/ *.githubusercontent.com; manifest-src 'self'; media-src github.com user-images.githubusercontent.com/; script-src github.githubassets.com; style-src 'unsafe-inline' github.githubassets.com; worker-src github.com/assets-cdn/worker/ gist.github.com/assets-cdn/worker/","x-github-request-id":"DDB1:6A9F:F38FDD:10D95C9:61B8BA3F"}
[debug] [2021-12-14T15:37:35.524Z] >>> [apiv2][query] GET https://api.github.com/user [none]
[debug] [2021-12-14T15:37:35.874Z] <<< [apiv2][status] GET https://api.github.com/user 200
[debug] [2021-12-14T15:37:35.874Z] <<< [apiv2][body] GET https://api.github.com/user {"login":"Saikat180891","id":21040026,"node_id":"MDQ6VXNlcjIxMDQwMDI2","avatar_url":"https://avatars.githubusercontent.com/u/21040026?v=4","gravatar_id":"","url":"https://api.github.com/users/Saikat180891","html_url":"https://github.com/Saikat180891","followers_url":"https://api.github.com/users/Saikat180891/followers","following_url":"https://api.github.com/users/Saikat180891/following{/other_user}","gists_url":"https://api.github.com/users/Saikat180891/gists{/gist_id}","starred_url":"https://api.github.com/users/Saikat180891/starred{/owner}{/repo}","subscriptions_url":"https://api.github.com/users/Saikat180891/subscriptions","organizations_url":"https://api.github.com/users/Saikat180891/orgs","repos_url":"https://api.github.com/users/Saikat180891/repos","events_url":"https://api.github.com/users/Saikat180891/events{/privacy}","received_events_url":"https://api.github.com/users/Saikat180891/received_events","type":"User","site_admin":false,"name":"Saikat Paul","company":null,"blog":"","location":"Bangalore","email":"saptadipa123@gmail.com","hireable":true,"bio":"Hi I am Saikat and I love to code.","twitter_username":null,"public_repos":58,"public_gists":0,"followers":2,"following":3,"created_at":"2016-08-15T14:40:52Z","updated_at":"2021-12-10T00:48:44Z","private_gists":0,"total_private_repos":6,"owned_private_repos":6,"disk_usage":225339,"collaborators":3,"two_factor_authentication":false,"plan":{"name":"free","space":976562499,"collaborators":0,"private_repos":10000}}
[info] 
[info] +  Success! Logged into GitHub as Saikat180891 
[info] 
[debug] [2021-12-14T15:38:00.412Z] >>> [apiv2][query] GET https://api.github.com/repos//actions/secrets/public-key type=owner
[debug] [2021-12-14T15:38:00.704Z] <<< [apiv2][status] GET https://api.github.com/repos//actions/secrets/public-key 404
[debug] [2021-12-14T15:38:00.704Z] <<< [apiv2][body] GET https://api.github.com/repos//actions/secrets/public-key {"message":"Not Found","documentation_url":"https://docs.github.com/rest"}
[debug] [2021-12-14T15:38:07.003Z] >>> [apiv2][query] GET https://api.github.com/repos//actions/secrets/public-key type=owner
[debug] [2021-12-14T15:38:07.219Z] >>> [apiv2][query] GET https://api.github.com/repos//actions/secrets/public-key type=owner
[debug] [2021-12-14T15:38:07.293Z] <<< [apiv2][status] GET https://api.github.com/repos//actions/secrets/public-key 404
[debug] [2021-12-14T15:38:07.294Z] <<< [apiv2][body] GET https://api.github.com/repos//actions/secrets/public-key {"message":"Not Found","documentation_url":"https://docs.github.com/rest"}
[debug] [2021-12-14T15:38:07.435Z] >>> [apiv2][query] GET https://api.github.com/repos//actions/secrets/public-key type=owner
[debug] [2021-12-14T15:38:07.513Z] <<< [apiv2][status] GET https://api.github.com/repos//actions/secrets/public-key 404
[debug] [2021-12-14T15:38:07.514Z] <<< [apiv2][body] GET https://api.github.com/repos//actions/secrets/public-key {"message":"Not Found","documentation_url":"https://docs.github.com/rest"}
[debug] [2021-12-14T15:38:07.750Z] <<< [apiv2][status] GET https://api.github.com/repos//actions/secrets/public-key 404
[debug] [2021-12-14T15:38:07.750Z] <<< [apiv2][body] GET https://api.github.com/repos//actions/secrets/public-key {"message":"Not Found","documentation_url":"https://docs.github.com/rest"}
[debug] [2021-12-14T15:38:12.088Z] ----------------------------------------------------------------------
[debug] [2021-12-14T15:38:12.090Z] Command:       C:\Program Files\nodejs\node.exe C:\Users\Saikat\AppData\Roaming\npm\node_modules\firebase-tools\lib\bin\firebase.js init
[debug] [2021-12-14T15:38:12.090Z] CLI Version:   9.23.1
[debug] [2021-12-14T15:38:12.090Z] Platform:      win32
[debug] [2021-12-14T15:38:12.091Z] Node Version:  v14.7.0
[debug] [2021-12-14T15:38:12.091Z] Time:          Tue Dec 14 2021 21:08:12 GMT+0530 (India Standard Time)
[debug] [2021-12-14T15:38:12.091Z] ----------------------------------------------------------------------
[debug] 
[debug] [2021-12-14T15:38:12.096Z] > command requires scopes: ["email","openid","https://www.googleapis.com/auth/cloudplatformprojects.readonly","https://www.googleapis.com/auth/firebase","https://www.googleapis.com/auth/cloud-platform"]
[debug] [2021-12-14T15:38:12.097Z] > authorizing via signed-in user (saptadipa123@gmail.com)
[info] 
     ######## #### ########  ######## ########     ###     ######  ########
     ##        ##  ##     ## ##       ##     ##  ##   ##  ##       ##
     ######    ##  ########  ######   ########  #########  ######  ######
     ##        ##  ##    ##  ##       ##     ## ##     ##       ## ##
     ##       #### ##     ## ######## ########  ##     ##  ######  ########

You're about to initialize a Firebase project in this directory:

  F:\web-funda

